Day 1 of warmup — sending 10 emails

✓ Sent [1/10]: "Saw this and thought of you"
  ↩ Replied from Gmail
  ⏳ Waiting 1 min...

node:internal/deps/undici/undici:16416
      Error.captureStackTrace(err);
            ^

TypeError: fetch failed
    at node:internal/deps/undici/undici:16416:13
    at process.processTicksAndRejections (node:internal/process/task_queues:103:5)
    at async file:///Users/jp/projects/outreach-engine/scripts/warmup.mjs:70:15 {
  [cause]: Error: getaddrinfo ENOTFOUND api.resend.com
      at GetAddrInfoReqWrap.onlookupall [as oncomplete] (node:dns:122:26) {
    errno: -3008,
    code: 'ENOTFOUND',
    syscall: 'getaddrinfo',
    hostname: 'api.resend.com'
  }
}

Node.js v24.13.1
Day 3 of warmup — sending 10 emails

node:internal/deps/undici/undici:16416
      Error.captureStackTrace(err);
            ^

TypeError: fetch failed
    at node:internal/deps/undici/undici:16416:13
    at async file:///Users/jp/projects/outreach-engine/scripts/warmup.mjs:70:15 {
  [cause]: Error: read ECONNRESET
      at TLSWrap.onStreamRead (node:internal/stream_base_commons:216:20) {
    errno: -54,
    code: 'ECONNRESET',
    syscall: 'read'
  }
}

Node.js v24.13.1
Day 5 of warmup — sending 10 emails

✓ Sent [1/10]: "Re: our conversation"
  ↩ Replied from Gmail
  ⏳ Waiting 1 min...

✓ Sent [2/10]: "Any thoughts?"
  ↩ Replied from Gmail
  ⏳ Waiting 1 min...

✓ Sent [3/10]: "Checking in"
  ↩ Replied from Gmail
  ⏳ Waiting 2 min...

✓ Sent [4/10]: "Worth a look"
  ↩ Replied from Gmail
  ⏳ Waiting 3 min...

✓ Sent [5/10]: "Checking in"
  ↩ Replied from Gmail
  ⏳ Waiting 2 min...

✓ Sent [6/10]: "Making progress on this"
  ↩ Replied from Gmail
  ⏳ Waiting 2 min...

✓ Sent [7/10]: "Thoughts on this?"
  ↩ Replied from Gmail
  ⏳ Waiting 2 min...

✓ Sent [8/10]: "Loop you in"
  ↩ Replied from Gmail
  ⏳ Waiting 2 min...

✓ Sent [9/10]: "Quick note"
  ↩ Replied from Gmail
  ⏳ Waiting 2 min...

✓ Sent [10/10]: "Worth a look"
  ↩ Replied from Gmail

Warmup done: 10 sent. Run this again tomorrow.
node:internal/modules/package_json_reader:301
  throw new ERR_MODULE_NOT_FOUND(packageName, fileURLToPath(base), null);
        ^

Error [ERR_MODULE_NOT_FOUND]: Cannot find package 'nodemailer' imported from /Users/jp/projects/outreach-engine/scripts/warmup.mjs
    at Object.getPackageJSONURL (node:internal/modules/package_json_reader:301:9)
    at packageResolve (node:internal/modules/esm/resolve:769:81)
    at moduleResolve (node:internal/modules/esm/resolve:860:18)
    at defaultResolve (node:internal/modules/esm/resolve:992:11)
    at #cachedDefaultResolve (node:internal/modules/esm/loader:719:20)
    at #resolveAndMaybeBlockOnLoaderThread (node:internal/modules/esm/loader:736:38)
    at ModuleLoader.resolveSync (node:internal/modules/esm/loader:765:52)
    at #resolve (node:internal/modules/esm/loader:701:17)
    at ModuleLoader.getOrCreateModuleJob (node:internal/modules/esm/loader:621:35)
    at ModuleJob.syncLink (node:internal/modules/esm/module_job:160:33) {
  code: 'ERR_MODULE_NOT_FOUND'
}

Node.js v24.13.1
node:internal/modules/package_json_reader:301
  throw new ERR_MODULE_NOT_FOUND(packageName, fileURLToPath(base), null);
        ^

Error [ERR_MODULE_NOT_FOUND]: Cannot find package 'nodemailer' imported from /Users/jp/projects/outreach-engine/scripts/warmup.mjs
    at Object.getPackageJSONURL (node:internal/modules/package_json_reader:301:9)
    at packageResolve (node:internal/modules/esm/resolve:769:81)
    at moduleResolve (node:internal/modules/esm/resolve:860:18)
    at defaultResolve (node:internal/modules/esm/resolve:992:11)
    at #cachedDefaultResolve (node:internal/modules/esm/loader:719:20)
    at #resolveAndMaybeBlockOnLoaderThread (node:internal/modules/esm/loader:736:38)
    at ModuleLoader.resolveSync (node:internal/modules/esm/loader:765:52)
    at #resolve (node:internal/modules/esm/loader:701:17)
    at ModuleLoader.getOrCreateModuleJob (node:internal/modules/esm/loader:621:35)
    at ModuleJob.syncLink (node:internal/modules/esm/module_job:160:33) {
  code: 'ERR_MODULE_NOT_FOUND'
}

Node.js v24.13.1
node:internal/modules/package_json_reader:301
  throw new ERR_MODULE_NOT_FOUND(packageName, fileURLToPath(base), null);
        ^

Error [ERR_MODULE_NOT_FOUND]: Cannot find package 'nodemailer' imported from /Users/jp/projects/outreach-engine/scripts/warmup.mjs
    at Object.getPackageJSONURL (node:internal/modules/package_json_reader:301:9)
    at packageResolve (node:internal/modules/esm/resolve:769:81)
    at moduleResolve (node:internal/modules/esm/resolve:860:18)
    at defaultResolve (node:internal/modules/esm/resolve:992:11)
    at #cachedDefaultResolve (node:internal/modules/esm/loader:719:20)
    at #resolveAndMaybeBlockOnLoaderThread (node:internal/modules/esm/loader:736:38)
    at ModuleLoader.resolveSync (node:internal/modules/esm/loader:765:52)
    at #resolve (node:internal/modules/esm/loader:701:17)
    at ModuleLoader.getOrCreateModuleJob (node:internal/modules/esm/loader:621:35)
    at ModuleJob.syncLink (node:internal/modules/esm/module_job:160:33) {
  code: 'ERR_MODULE_NOT_FOUND'
}

Node.js v24.13.1
node:internal/modules/package_json_reader:301
  throw new ERR_MODULE_NOT_FOUND(packageName, fileURLToPath(base), null);
        ^

Error [ERR_MODULE_NOT_FOUND]: Cannot find package 'nodemailer' imported from /Users/jp/projects/outreach-engine/scripts/warmup.mjs
    at Object.getPackageJSONURL (node:internal/modules/package_json_reader:301:9)
    at packageResolve (node:internal/modules/esm/resolve:769:81)
    at moduleResolve (node:internal/modules/esm/resolve:860:18)
    at defaultResolve (node:internal/modules/esm/resolve:992:11)
    at #cachedDefaultResolve (node:internal/modules/esm/loader:719:20)
    at #resolveAndMaybeBlockOnLoaderThread (node:internal/modules/esm/loader:736:38)
    at ModuleLoader.resolveSync (node:internal/modules/esm/loader:765:52)
    at #resolve (node:internal/modules/esm/loader:701:17)
    at ModuleLoader.getOrCreateModuleJob (node:internal/modules/esm/loader:621:35)
    at ModuleJob.syncLink (node:internal/modules/esm/module_job:160:33) {
  code: 'ERR_MODULE_NOT_FOUND'
}

Node.js v24.13.1
node:internal/modules/package_json_reader:301
  throw new ERR_MODULE_NOT_FOUND(packageName, fileURLToPath(base), null);
        ^

Error [ERR_MODULE_NOT_FOUND]: Cannot find package 'nodemailer' imported from /Users/jp/projects/outreach-engine/scripts/warmup.mjs
    at Object.getPackageJSONURL (node:internal/modules/package_json_reader:301:9)
    at packageResolve (node:internal/modules/esm/resolve:769:81)
    at moduleResolve (node:internal/modules/esm/resolve:860:18)
    at defaultResolve (node:internal/modules/esm/resolve:992:11)
    at #cachedDefaultResolve (node:internal/modules/esm/loader:719:20)
    at #resolveAndMaybeBlockOnLoaderThread (node:internal/modules/esm/loader:736:38)
    at ModuleLoader.resolveSync (node:internal/modules/esm/loader:765:52)
    at #resolve (node:internal/modules/esm/loader:701:17)
    at ModuleLoader.getOrCreateModuleJob (node:internal/modules/esm/loader:621:35)
    at ModuleJob.syncLink (node:internal/modules/esm/module_job:160:33) {
  code: 'ERR_MODULE_NOT_FOUND'
}

Node.js v24.13.1
node:internal/modules/package_json_reader:301
  throw new ERR_MODULE_NOT_FOUND(packageName, fileURLToPath(base), null);
        ^

Error [ERR_MODULE_NOT_FOUND]: Cannot find package 'nodemailer' imported from /Users/jp/projects/outreach-engine/scripts/warmup.mjs
    at Object.getPackageJSONURL (node:internal/modules/package_json_reader:301:9)
    at packageResolve (node:internal/modules/esm/resolve:769:81)
    at moduleResolve (node:internal/modules/esm/resolve:860:18)
    at defaultResolve (node:internal/modules/esm/resolve:992:11)
    at #cachedDefaultResolve (node:internal/modules/esm/loader:719:20)
    at #resolveAndMaybeBlockOnLoaderThread (node:internal/modules/esm/loader:736:38)
    at ModuleLoader.resolveSync (node:internal/modules/esm/loader:765:52)
    at #resolve (node:internal/modules/esm/loader:701:17)
    at ModuleLoader.getOrCreateModuleJob (node:internal/modules/esm/loader:621:35)
    at ModuleJob.syncLink (node:internal/modules/esm/module_job:160:33) {
  code: 'ERR_MODULE_NOT_FOUND'
}

Node.js v24.13.1
node:internal/modules/package_json_reader:301
  throw new ERR_MODULE_NOT_FOUND(packageName, fileURLToPath(base), null);
        ^

Error [ERR_MODULE_NOT_FOUND]: Cannot find package 'nodemailer' imported from /Users/jp/projects/outreach-engine/scripts/warmup.mjs
    at Object.getPackageJSONURL (node:internal/modules/package_json_reader:301:9)
    at packageResolve (node:internal/modules/esm/resolve:769:81)
    at moduleResolve (node:internal/modules/esm/resolve:860:18)
    at defaultResolve (node:internal/modules/esm/resolve:992:11)
    at #cachedDefaultResolve (node:internal/modules/esm/loader:719:20)
    at #resolveAndMaybeBlockOnLoaderThread (node:internal/modules/esm/loader:736:38)
    at ModuleLoader.resolveSync (node:internal/modules/esm/loader:765:52)
    at #resolve (node:internal/modules/esm/loader:701:17)
    at ModuleLoader.getOrCreateModuleJob (node:internal/modules/esm/loader:621:35)
    at ModuleJob.syncLink (node:internal/modules/esm/module_job:160:33) {
  code: 'ERR_MODULE_NOT_FOUND'
}

Node.js v24.13.1
node:internal/modules/package_json_reader:301
  throw new ERR_MODULE_NOT_FOUND(packageName, fileURLToPath(base), null);
        ^

Error [ERR_MODULE_NOT_FOUND]: Cannot find package 'nodemailer' imported from /Users/jp/projects/outreach-engine/scripts/warmup.mjs
    at Object.getPackageJSONURL (node:internal/modules/package_json_reader:301:9)
    at packageResolve (node:internal/modules/esm/resolve:769:81)
    at moduleResolve (node:internal/modules/esm/resolve:860:18)
    at defaultResolve (node:internal/modules/esm/resolve:992:11)
    at #cachedDefaultResolve (node:internal/modules/esm/loader:719:20)
    at #resolveAndMaybeBlockOnLoaderThread (node:internal/modules/esm/loader:736:38)
    at ModuleLoader.resolveSync (node:internal/modules/esm/loader:765:52)
    at #resolve (node:internal/modules/esm/loader:701:17)
    at ModuleLoader.getOrCreateModuleJob (node:internal/modules/esm/loader:621:35)
    at ModuleJob.syncLink (node:internal/modules/esm/module_job:160:33) {
  code: 'ERR_MODULE_NOT_FOUND'
}

Node.js v24.13.1
node:internal/modules/package_json_reader:301
  throw new ERR_MODULE_NOT_FOUND(packageName, fileURLToPath(base), null);
        ^

Error [ERR_MODULE_NOT_FOUND]: Cannot find package 'nodemailer' imported from /Users/jp/projects/outreach-engine/scripts/warmup.mjs
    at Object.getPackageJSONURL (node:internal/modules/package_json_reader:301:9)
    at packageResolve (node:internal/modules/esm/resolve:769:81)
    at moduleResolve (node:internal/modules/esm/resolve:860:18)
    at defaultResolve (node:internal/modules/esm/resolve:992:11)
    at #cachedDefaultResolve (node:internal/modules/esm/loader:719:20)
    at #resolveAndMaybeBlockOnLoaderThread (node:internal/modules/esm/loader:736:38)
    at ModuleLoader.resolveSync (node:internal/modules/esm/loader:765:52)
    at #resolve (node:internal/modules/esm/loader:701:17)
    at ModuleLoader.getOrCreateModuleJob (node:internal/modules/esm/loader:621:35)
    at ModuleJob.syncLink (node:internal/modules/esm/module_job:160:33) {
  code: 'ERR_MODULE_NOT_FOUND'
}

Node.js v24.13.1
Day 31 of warmup — sending 30 emails

✓ Sent [1/30]: "Circling back"
  ↩ Replied from Gmail
  ⏳ Waiting 2 min...

✓ Sent [2/30]: "Just wanted to share this"
  ↩ Replied from Gmail
  ⏳ Waiting 1 min...

✓ Sent [3/30]: "Making progress on this"
  ↩ Replied from Gmail
  ⏳ Waiting 2 min...

✓ Sent [4/30]: "Worth a look"
  ↩ Replied from Gmail
  ⏳ Waiting 2 min...

✓ Sent [5/30]: "One thing I wanted to mention"
  ↩ Replied from Gmail
  ⏳ Waiting 2 min...

✓ Sent [6/30]: "One thing I wanted to mention"
  ↩ Replied from Gmail
  ⏳ Waiting 1 min...

✓ Sent [7/30]: "Loop you in"
  ↩ Replied from Gmail
  ⏳ Waiting 2 min...

✓ Sent [8/30]: "Loop you in"
  ↩ Replied from Gmail
  ⏳ Waiting 2 min...

✓ Sent [9/30]: "Just wanted to share this"
  ↩ Replied from Gmail
  ⏳ Waiting 3 min...

✓ Sent [10/30]: "Any thoughts?"
  ↩ Replied from Gmail
  ⏳ Waiting 3 min...

✓ Sent [11/30]: "Loop you in"
  ↩ Replied from Gmail
  ⏳ Waiting 3 min...

✓ Sent [12/30]: "Checking in"
  ↩ Replied from Gmail
  ⏳ Waiting 2 min...

✓ Sent [13/30]: "Making progress on this"
  ↩ Replied from Gmail
  ⏳ Waiting 3 min...

✓ Sent [14/30]: "Circling back"
  ↩ Replied from Gmail
  ⏳ Waiting 3 min...

✓ Sent [15/30]: "Just wanted to share this"
  ↩ Replied from Gmail
  ⏳ Waiting 2 min...

✓ Sent [16/30]: "Re: our conversation"
  ↩ Replied from Gmail
  ⏳ Waiting 1 min...

✓ Sent [17/30]: "Saw this and thought of you"
  ↩ Replied from Gmail
  ⏳ Waiting 2 min...

✓ Sent [18/30]: "Saw this and thought of you"
  ↩ Replied from Gmail
  ⏳ Waiting 1 min...

✓ Sent [19/30]: "Circling back"
  ↩ Replied from Gmail
  ⏳ Waiting 2 min...

✓ Sent [20/30]: "Worth a look"
  ↩ Replied from Gmail
  ⏳ Waiting 2 min...

✓ Sent [21/30]: "Making progress on this"
  ↩ Replied from Gmail
  ⏳ Waiting 2 min...

✓ Sent [22/30]: "Circling back"
  ↩ Replied from Gmail
  ⏳ Waiting 2 min...

✓ Sent [23/30]: "One thing I wanted to mention"
  ↩ Replied from Gmail
  ⏳ Waiting 2 min...

✓ Sent [24/30]: "Any thoughts?"
  ↩ Replied from Gmail
  ⏳ Waiting 1 min...

✓ Sent [25/30]: "Quick question"
  ↩ Replied from Gmail
  ⏳ Waiting 2 min...

✓ Sent [26/30]: "Any thoughts?"
  ↩ Replied from Gmail
  ⏳ Waiting 2 min...

✓ Sent [27/30]: "Quick note"
  ↩ Replied from Gmail
  ⏳ Waiting 2 min...

✓ Sent [28/30]: "Making progress on this"
  ↩ Replied from Gmail
  ⏳ Waiting 2 min...

✓ Sent [29/30]: "Following up on this"
  ↩ Replied from Gmail
  ⏳ Waiting 2 min...

✓ Sent [30/30]: "Update from my end"
  ↩ Replied from Gmail

Warmup done: 30 sent. Run this again tomorrow.
